<?xml version="1.0" encoding="UTF-8"?>
<!-- Generated by org.testng.reporters.JUnitReportReporter -->
<testsuite hostname="LAPTOP-E2KT3BQR" failures="0" tests="1" name="MyntraTestCases.TestCasesMyntra" time="8.287" errors="0" timestamp="2023-12-30T12:26:56 IST" skipped="0">
  <testcase classname="MyntraTestCases.TestCasesMyntra" name="testcases04" time="8.287"/>
</testsuite> <!-- MyntraTestCases.TestCasesMyntra -->
